{"C:\\Users\\Ghost Snipper\\Downloads\\Programs\\acme-widget-basket\\vitest.config.ts": {"path":"C:\\Users\\Ghost Snipper\\Downloads\\Programs\\acme-widget-basket\\vitest.config.ts","all":true,"statementMap":{"0":{"start":{"line":1,"column":0},"end":{"line":1,"column":32}},"1":{"start":{"line":2,"column":0},"end":{"line":2,"column":44}},"2":{"start":{"line":3,"column":0},"end":{"line":3,"column":0}},"3":{"start":{"line":4,"column":0},"end":{"line":4,"column":29}},"4":{"start":{"line":5,"column":0},"end":{"line":5,"column":9}},"5":{"start":{"line":6,"column":0},"end":{"line":6,"column":15}},"6":{"start":{"line":7,"column":0},"end":{"line":7,"column":48}},"7":{"start":{"line":8,"column":0},"end":{"line":8,"column":84}},"8":{"start":{"line":9,"column":0},"end":{"line":9,"column":16}},"9":{"start":{"line":10,"column":0},"end":{"line":10,"column":24}},"10":{"start":{"line":11,"column":0},"end":{"line":11,"column":16}},"11":{"start":{"line":12,"column":0},"end":{"line":12,"column":20}},"12":{"start":{"line":13,"column":0},"end":{"line":13,"column":78}},"13":{"start":{"line":14,"column":0},"end":{"line":14,"column":73}},"14":{"start":{"line":15,"column":0},"end":{"line":15,"column":78}},"15":{"start":{"line":16,"column":0},"end":{"line":16,"column":8}},"16":{"start":{"line":17,"column":0},"end":{"line":17,"column":6}},"17":{"start":{"line":18,"column":0},"end":{"line":18,"column":4}},"18":{"start":{"line":19,"column":0},"end":{"line":19,"column":2}}},"s":{"0":0,"1":0,"2":0,"3":0,"4":0,"5":0,"6":0,"7":0,"8":0,"9":0,"10":0,"11":0,"12":0,"13":0,"14":0,"15":0,"16":0,"17":0,"18":0},"branchMap":{"0":{"type":"branch","line":1,"loc":{"start":{"line":1,"column":0},"end":{"line":19,"column":2}},"locations":[{"start":{"line":1,"column":0},"end":{"line":19,"column":2}}]}},"b":{"0":[0]},"fnMap":{"0":{"name":"(empty-report)","decl":{"start":{"line":1,"column":0},"end":{"line":19,"column":2}},"loc":{"start":{"line":1,"column":0},"end":{"line":19,"column":2}},"line":1}},"f":{"0":0}}
,"C:\\Users\\Ghost Snipper\\Downloads\\Programs\\acme-widget-basket\\src\\Basket.ts": {"path":"C:\\Users\\Ghost Snipper\\Downloads\\Programs\\acme-widget-basket\\src\\Basket.ts","all":false,"statementMap":{"0":{"start":{"line":1,"column":0},"end":{"line":1,"column":61}},"6":{"start":{"line":7,"column":0},"end":{"line":7,"column":21}},"7":{"start":{"line":8,"column":0},"end":{"line":8,"column":53}},"9":{"start":{"line":10,"column":0},"end":{"line":10,"column":14}},"10":{"start":{"line":11,"column":0},"end":{"line":11,"column":36}},"11":{"start":{"line":12,"column":0},"end":{"line":12,"column":39}},"12":{"start":{"line":13,"column":0},"end":{"line":13,"column":42}},"13":{"start":{"line":14,"column":0},"end":{"line":14,"column":6}},"15":{"start":{"line":16,"column":0},"end":{"line":16,"column":34}},"16":{"start":{"line":17,"column":0},"end":{"line":17,"column":63}},"17":{"start":{"line":18,"column":0},"end":{"line":18,"column":19}},"18":{"start":{"line":19,"column":0},"end":{"line":19,"column":68}},"19":{"start":{"line":20,"column":0},"end":{"line":20,"column":5}},"21":{"start":{"line":22,"column":0},"end":{"line":22,"column":49}},"22":{"start":{"line":23,"column":0},"end":{"line":23,"column":19}},"23":{"start":{"line":24,"column":0},"end":{"line":24,"column":27}},"24":{"start":{"line":25,"column":0},"end":{"line":25,"column":12}},"25":{"start":{"line":26,"column":0},"end":{"line":26,"column":59}},"26":{"start":{"line":27,"column":0},"end":{"line":27,"column":5}},"27":{"start":{"line":28,"column":0},"end":{"line":28,"column":3}},"29":{"start":{"line":30,"column":0},"end":{"line":30,"column":19}},"30":{"start":{"line":31,"column":0},"end":{"line":31,"column":67}},"31":{"start":{"line":32,"column":0},"end":{"line":32,"column":28}},"32":{"start":{"line":33,"column":0},"end":{"line":33,"column":30}},"33":{"start":{"line":34,"column":0},"end":{"line":34,"column":8}},"36":{"start":{"line":37,"column":0},"end":{"line":37,"column":44}},"37":{"start":{"line":38,"column":0},"end":{"line":38,"column":76}},"38":{"start":{"line":39,"column":0},"end":{"line":39,"column":7}},"39":{"start":{"line":40,"column":0},"end":{"line":40,"column":6}},"41":{"start":{"line":42,"column":0},"end":{"line":42,"column":76}},"42":{"start":{"line":43,"column":0},"end":{"line":43,"column":97}},"44":{"start":{"line":45,"column":0},"end":{"line":45,"column":77}},"47":{"start":{"line":48,"column":0},"end":{"line":48,"column":42}},"48":{"start":{"line":49,"column":0},"end":{"line":49,"column":3}},"49":{"start":{"line":50,"column":0},"end":{"line":50,"column":1}}},"s":{"0":1,"6":1,"7":1,"9":1,"10":5,"11":5,"12":5,"13":5,"15":1,"16":12,"17":12,"18":1,"19":1,"21":11,"22":12,"23":4,"24":12,"25":7,"26":7,"27":12,"29":1,"30":4,"31":7,"32":7,"33":4,"36":4,"37":4,"38":4,"39":4,"41":4,"42":4,"44":4,"47":4,"48":4,"49":1},"branchMap":{"0":{"type":"branch","line":10,"loc":{"start":{"line":10,"column":2},"end":{"line":14,"column":6}},"locations":[{"start":{"line":10,"column":2},"end":{"line":14,"column":6}}]},"1":{"type":"branch","line":16,"loc":{"start":{"line":16,"column":2},"end":{"line":28,"column":3}},"locations":[{"start":{"line":16,"column":2},"end":{"line":28,"column":3}}]},"2":{"type":"branch","line":18,"loc":{"start":{"line":18,"column":18},"end":{"line":20,"column":5}},"locations":[{"start":{"line":18,"column":18},"end":{"line":20,"column":5}}]},"3":{"type":"branch","line":20,"loc":{"start":{"line":20,"column":4},"end":{"line":23,"column":18}},"locations":[{"start":{"line":20,"column":4},"end":{"line":23,"column":18}}]},"4":{"type":"branch","line":23,"loc":{"start":{"line":23,"column":18},"end":{"line":25,"column":11}},"locations":[{"start":{"line":23,"column":18},"end":{"line":25,"column":11}}]},"5":{"type":"branch","line":25,"loc":{"start":{"line":25,"column":4},"end":{"line":27,"column":5}},"locations":[{"start":{"line":25,"column":4},"end":{"line":27,"column":5}}]},"6":{"type":"branch","line":30,"loc":{"start":{"line":30,"column":2},"end":{"line":49,"column":3}},"locations":[{"start":{"line":30,"column":2},"end":{"line":49,"column":3}}]},"7":{"type":"branch","line":31,"loc":{"start":{"line":31,"column":57},"end":{"line":34,"column":6}},"locations":[{"start":{"line":31,"column":57},"end":{"line":34,"column":6}}]},"8":{"type":"branch","line":38,"loc":{"start":{"line":38,"column":6},"end":{"line":38,"column":76}},"locations":[{"start":{"line":38,"column":6},"end":{"line":38,"column":76}}]}},"b":{"0":[5],"1":[12],"2":[1],"3":[11],"4":[4],"5":[7],"6":[4],"7":[7],"8":[7]},"fnMap":{"0":{"name":"Basket","decl":{"start":{"line":10,"column":2},"end":{"line":14,"column":6}},"loc":{"start":{"line":10,"column":2},"end":{"line":14,"column":6}},"line":10},"1":{"name":"add","decl":{"start":{"line":16,"column":2},"end":{"line":28,"column":3}},"loc":{"start":{"line":16,"column":2},"end":{"line":28,"column":3}},"line":16},"2":{"name":"total","decl":{"start":{"line":30,"column":2},"end":{"line":49,"column":3}},"loc":{"start":{"line":30,"column":2},"end":{"line":49,"column":3}},"line":30}},"f":{"0":5,"1":12,"2":4}}
,"C:\\Users\\Ghost Snipper\\Downloads\\Programs\\acme-widget-basket\\src\\catalogs\\SimpleProductCatalog.ts": {"path":"C:\\Users\\Ghost Snipper\\Downloads\\Programs\\acme-widget-basket\\src\\catalogs\\SimpleProductCatalog.ts","all":false,"statementMap":{"2":{"start":{"line":3,"column":0},"end":{"line":3,"column":61}},"3":{"start":{"line":4,"column":0},"end":{"line":4,"column":33}},"4":{"start":{"line":5,"column":0},"end":{"line":5,"column":63}},"5":{"start":{"line":6,"column":0},"end":{"line":6,"column":63}},"6":{"start":{"line":7,"column":0},"end":{"line":7,"column":63}},"7":{"start":{"line":8,"column":0},"end":{"line":8,"column":4}},"9":{"start":{"line":10,"column":0},"end":{"line":10,"column":55}},"10":{"start":{"line":11,"column":0},"end":{"line":11,"column":52}},"11":{"start":{"line":12,"column":0},"end":{"line":12,"column":3}},"12":{"start":{"line":13,"column":0},"end":{"line":13,"column":1}}},"s":{"2":1,"3":5,"4":5,"5":5,"6":5,"7":5,"9":1,"10":12,"11":12,"12":1},"branchMap":{"0":{"type":"branch","line":3,"loc":{"start":{"line":3,"column":7},"end":{"line":8,"column":4}},"locations":[{"start":{"line":3,"column":7},"end":{"line":8,"column":4}}]},"1":{"type":"branch","line":10,"loc":{"start":{"line":10,"column":2},"end":{"line":12,"column":3}},"locations":[{"start":{"line":10,"column":2},"end":{"line":12,"column":3}}]},"2":{"type":"branch","line":11,"loc":{"start":{"line":11,"column":30},"end":{"line":11,"column":50}},"locations":[{"start":{"line":11,"column":30},"end":{"line":11,"column":50}}]}},"b":{"0":[5],"1":[12],"2":[22]},"fnMap":{"0":{"name":"SimpleProductCatalog","decl":{"start":{"line":3,"column":7},"end":{"line":8,"column":4}},"loc":{"start":{"line":3,"column":7},"end":{"line":8,"column":4}},"line":3},"1":{"name":"getProductByCode","decl":{"start":{"line":10,"column":2},"end":{"line":12,"column":3}},"loc":{"start":{"line":10,"column":2},"end":{"line":12,"column":3}},"line":10}},"f":{"0":5,"1":12}}
,"C:\\Users\\Ghost Snipper\\Downloads\\Programs\\acme-widget-basket\\src\\models\\BasketItem.ts": {"path":"C:\\Users\\Ghost Snipper\\Downloads\\Programs\\acme-widget-basket\\src\\models\\BasketItem.ts","all":false,"statementMap":{"2":{"start":{"line":3,"column":0},"end":{"line":3,"column":25}},"3":{"start":{"line":4,"column":0},"end":{"line":4,"column":70}},"5":{"start":{"line":6,"column":0},"end":{"line":6,"column":15}},"6":{"start":{"line":7,"column":0},"end":{"line":7,"column":20}},"7":{"start":{"line":8,"column":0},"end":{"line":8,"column":3}},"8":{"start":{"line":9,"column":0},"end":{"line":9,"column":1}}},"s":{"2":1,"3":1,"5":1,"6":4,"7":4,"8":1},"branchMap":{"0":{"type":"branch","line":4,"loc":{"start":{"line":4,"column":2},"end":{"line":4,"column":70}},"locations":[{"start":{"line":4,"column":2},"end":{"line":4,"column":70}}]},"1":{"type":"branch","line":6,"loc":{"start":{"line":6,"column":2},"end":{"line":8,"column":3}},"locations":[{"start":{"line":6,"column":2},"end":{"line":8,"column":3}}]}},"b":{"0":[7],"1":[4]},"fnMap":{"0":{"name":"BasketItem","decl":{"start":{"line":4,"column":2},"end":{"line":4,"column":70}},"loc":{"start":{"line":4,"column":2},"end":{"line":4,"column":70}},"line":4},"1":{"name":"increment","decl":{"start":{"line":6,"column":2},"end":{"line":8,"column":3}},"loc":{"start":{"line":6,"column":2},"end":{"line":8,"column":3}},"line":6}},"f":{"0":7,"1":4}}
,"C:\\Users\\Ghost Snipper\\Downloads\\Programs\\acme-widget-basket\\src\\services\\DeliveryService.ts": {"path":"C:\\Users\\Ghost Snipper\\Downloads\\Programs\\acme-widget-basket\\src\\services\\DeliveryService.ts","all":false,"statementMap":{"2":{"start":{"line":3,"column":0},"end":{"line":3,"column":59}},"3":{"start":{"line":4,"column":0},"end":{"line":4,"column":52}},"4":{"start":{"line":5,"column":0},"end":{"line":5,"column":44}},"5":{"start":{"line":6,"column":0},"end":{"line":6,"column":44}},"6":{"start":{"line":7,"column":0},"end":{"line":7,"column":44}},"7":{"start":{"line":8,"column":0},"end":{"line":8,"column":44}},"8":{"start":{"line":9,"column":0},"end":{"line":9,"column":3}},"9":{"start":{"line":10,"column":0},"end":{"line":10,"column":1}}},"s":{"2":1,"3":1,"4":9,"5":9,"6":9,"7":3,"8":9,"9":1},"branchMap":{"0":{"type":"branch","line":4,"loc":{"start":{"line":4,"column":2},"end":{"line":9,"column":3}},"locations":[{"start":{"line":4,"column":2},"end":{"line":9,"column":3}}]},"1":{"type":"branch","line":6,"loc":{"start":{"line":6,"column":24},"end":{"line":6,"column":44}},"locations":[{"start":{"line":6,"column":24},"end":{"line":6,"column":44}}]},"2":{"type":"branch","line":6,"loc":{"start":{"line":6,"column":31},"end":{"line":7,"column":31}},"locations":[{"start":{"line":6,"column":31},"end":{"line":7,"column":31}}]},"3":{"type":"branch","line":7,"loc":{"start":{"line":7,"column":24},"end":{"line":8,"column":44}},"locations":[{"start":{"line":7,"column":24},"end":{"line":8,"column":44}}]}},"b":{"0":[9],"1":[3],"2":[6],"3":[3]},"fnMap":{"0":{"name":"costForSubtotal","decl":{"start":{"line":4,"column":2},"end":{"line":9,"column":3}},"loc":{"start":{"line":4,"column":2},"end":{"line":9,"column":3}},"line":4}},"f":{"0":9}}
,"C:\\Users\\Ghost Snipper\\Downloads\\Programs\\acme-widget-basket\\src\\services\\PricingService.ts": {"path":"C:\\Users\\Ghost Snipper\\Downloads\\Programs\\acme-widget-basket\\src\\services\\PricingService.ts","all":false,"statementMap":{"3":{"start":{"line":4,"column":0},"end":{"line":4,"column":29}},"4":{"start":{"line":5,"column":0},"end":{"line":5,"column":41}},"6":{"start":{"line":7,"column":0},"end":{"line":7,"column":78}},"7":{"start":{"line":8,"column":0},"end":{"line":8,"column":26}},"9":{"start":{"line":10,"column":0},"end":{"line":10,"column":48}},"10":{"start":{"line":11,"column":0},"end":{"line":11,"column":47}},"11":{"start":{"line":12,"column":0},"end":{"line":12,"column":60}},"12":{"start":{"line":13,"column":0},"end":{"line":13,"column":8}},"13":{"start":{"line":14,"column":0},"end":{"line":14,"column":28}},"14":{"start":{"line":15,"column":0},"end":{"line":15,"column":68}},"15":{"start":{"line":16,"column":0},"end":{"line":16,"column":7}},"16":{"start":{"line":17,"column":0},"end":{"line":17,"column":5}},"18":{"start":{"line":19,"column":0},"end":{"line":19,"column":26}},"19":{"start":{"line":20,"column":0},"end":{"line":20,"column":3}},"20":{"start":{"line":21,"column":0},"end":{"line":21,"column":1}}},"s":{"3":1,"4":1,"6":1,"7":4,"9":4,"10":7,"11":7,"12":7,"13":7,"14":3,"15":3,"16":7,"18":4,"19":4,"20":1},"branchMap":{"0":{"type":"branch","line":5,"loc":{"start":{"line":5,"column":2},"end":{"line":5,"column":41}},"locations":[{"start":{"line":5,"column":2},"end":{"line":5,"column":41}}]},"1":{"type":"branch","line":7,"loc":{"start":{"line":7,"column":2},"end":{"line":20,"column":3}},"locations":[{"start":{"line":7,"column":2},"end":{"line":20,"column":3}}]},"2":{"type":"branch","line":10,"loc":{"start":{"line":10,"column":47},"end":{"line":17,"column":5}},"locations":[{"start":{"line":10,"column":47},"end":{"line":17,"column":5}}]},"3":{"type":"branch","line":14,"loc":{"start":{"line":14,"column":27},"end":{"line":16,"column":7}},"locations":[{"start":{"line":14,"column":27},"end":{"line":16,"column":7}}]},"4":{"type":"branch","line":12,"loc":{"start":{"line":12,"column":8},"end":{"line":12,"column":60}},"locations":[{"start":{"line":12,"column":8},"end":{"line":12,"column":60}}]}},"b":{"0":[5],"1":[4],"2":[7],"3":[3],"4":[7]},"fnMap":{"0":{"name":"PricingService","decl":{"start":{"line":5,"column":2},"end":{"line":5,"column":41}},"loc":{"start":{"line":5,"column":2},"end":{"line":5,"column":41}},"line":5},"1":{"name":"calculateDiscount","decl":{"start":{"line":7,"column":2},"end":{"line":20,"column":3}},"loc":{"start":{"line":7,"column":2},"end":{"line":20,"column":3}},"line":7}},"f":{"0":5,"1":4}}
,"C:\\Users\\Ghost Snipper\\Downloads\\Programs\\acme-widget-basket\\src\\strategies\\BuyOneGetHalfPrice.ts": {"path":"C:\\Users\\Ghost Snipper\\Downloads\\Programs\\acme-widget-basket\\src\\strategies\\BuyOneGetHalfPrice.ts","all":false,"statementMap":{"3":{"start":{"line":4,"column":0},"end":{"line":4,"column":50}},"4":{"start":{"line":5,"column":0},"end":{"line":5,"column":53}},"6":{"start":{"line":7,"column":0},"end":{"line":7,"column":53}},"7":{"start":{"line":8,"column":0},"end":{"line":8,"column":31}},"9":{"start":{"line":10,"column":0},"end":{"line":10,"column":74}},"10":{"start":{"line":11,"column":0},"end":{"line":11,"column":27}},"13":{"start":{"line":14,"column":0},"end":{"line":14,"column":53}},"17":{"start":{"line":18,"column":0},"end":{"line":18,"column":65}},"19":{"start":{"line":20,"column":0},"end":{"line":20,"column":45}},"20":{"start":{"line":21,"column":0},"end":{"line":21,"column":3}},"21":{"start":{"line":22,"column":0},"end":{"line":22,"column":1}}},"s":{"3":1,"4":1,"6":1,"7":9,"9":7,"10":9,"13":6,"17":6,"19":6,"20":9,"21":1},"branchMap":{"0":{"type":"branch","line":5,"loc":{"start":{"line":5,"column":2},"end":{"line":5,"column":53}},"locations":[{"start":{"line":5,"column":2},"end":{"line":5,"column":53}}]},"1":{"type":"branch","line":7,"loc":{"start":{"line":7,"column":2},"end":{"line":21,"column":3}},"locations":[{"start":{"line":7,"column":2},"end":{"line":21,"column":3}}]},"2":{"type":"branch","line":8,"loc":{"start":{"line":8,"column":22},"end":{"line":8,"column":31}},"locations":[{"start":{"line":8,"column":22},"end":{"line":8,"column":31}}]},"3":{"type":"branch","line":8,"loc":{"start":{"line":8,"column":29},"end":{"line":11,"column":25}},"locations":[{"start":{"line":8,"column":29},"end":{"line":11,"column":25}}]},"4":{"type":"branch","line":11,"loc":{"start":{"line":11,"column":18},"end":{"line":11,"column":27}},"locations":[{"start":{"line":11,"column":18},"end":{"line":11,"column":27}}]},"5":{"type":"branch","line":11,"loc":{"start":{"line":11,"column":25},"end":{"line":20,"column":45}},"locations":[{"start":{"line":11,"column":25},"end":{"line":20,"column":45}}]},"6":{"type":"branch","line":10,"loc":{"start":{"line":10,"column":31},"end":{"line":10,"column":72}},"locations":[{"start":{"line":10,"column":31},"end":{"line":10,"column":72}}]}},"b":{"0":[9],"1":[9],"2":[2],"3":[7],"4":[1],"5":[6],"6":[7]},"fnMap":{"0":{"name":"BuyOneGetHalfPrice","decl":{"start":{"line":5,"column":2},"end":{"line":5,"column":53}},"loc":{"start":{"line":5,"column":2},"end":{"line":5,"column":53}},"line":5},"1":{"name":"apply","decl":{"start":{"line":7,"column":2},"end":{"line":21,"column":3}},"loc":{"start":{"line":7,"column":2},"end":{"line":21,"column":3}},"line":7}},"f":{"0":9,"1":9}}
}
